<?xml version="1.0" encoding="UTF-8"?>
<!-- Generated by org.testng.reporters.JUnitReportReporter -->
<testsuite hostname="MaDdY" failures="0" tests="1" name="com.cucunber.testRunner.TestRunner" time="26.015" errors="0" timestamp="27 Jun 2021 05:41:03 GMT">
  <testcase classname="com.cucunber.testRunner.TestRunner" name="feature" time="26.015"/>
</testsuite> <!-- com.cucunber.testRunner.TestRunner -->
