<?xml version="1.0" encoding="UTF-8"?>
<!-- Generated by org.testng.reporters.JUnitReportReporter -->
<testsuite hostname="MaDdY" failures="0" tests="1" name="com.cucunber.testRunner.TestRunner" time="28.488" errors="0" timestamp="27 Jun 2021 06:40:50 GMT">
  <testcase classname="com.cucunber.testRunner.TestRunner" name="feature" time="28.488"/>
</testsuite> <!-- com.cucunber.testRunner.TestRunner -->
